<?xml version="1.0" encoding="UTF-8"?>
<!-- Generated by org.testng.reporters.JUnitReportReporter -->
<testsuite hostname="DESKTOP-M3ANAKJ" failures="0" tests="2" name="com.adactinhotel.qa.testcases.BookAHotelPageTest" time="6.824" errors="0" timestamp="07 Mar 2024 06:37:27 GMT" skipped="0">
  <testcase classname="com.adactinhotel.qa.testcases.BookAHotelPageTest" name="userDetailsTest" time="3.043"/>
  <testcase classname="com.adactinhotel.qa.testcases.BookAHotelPageTest" name="userDetailsTest" time="3.781"/>
</testsuite> <!-- com.adactinhotel.qa.testcases.BookAHotelPageTest -->
