<?xml version="1.0" encoding="UTF-8"?>
<!-- Generated by org.testng.reporters.JUnitReportReporter -->
<testsuite hostname="DESKTOP-M3ANAKJ" failures="0" tests="2" name="com.adactinhotel.qa.testcases.SelectHotelPageTest" time="10.558" errors="0" timestamp="11 Mar 2024 05:12:59 GMT" skipped="0">
  <testcase classname="com.adactinhotel.qa.testcases.SelectHotelPageTest" name="selectHotelPageTitleTest" time="4.963"/>
  <testcase classname="com.adactinhotel.qa.testcases.SelectHotelPageTest" name="selectHotelBtn" time="5.595"/>
</testsuite> <!-- com.adactinhotel.qa.testcases.SelectHotelPageTest -->
