<?xml version="1.0" encoding="UTF-8"?>
<!-- Generated by org.testng.reporters.JUnitReportReporter -->
<testsuite hostname="DESKTOP-M3ANAKJ" failures="0" tests="3" name="com.adactinhotel.qa.testcases.BookingConfirmationPageTest" time="36.323" errors="0" timestamp="11 Mar 2024 05:12:59 GMT" skipped="0">
  <testcase classname="com.adactinhotel.qa.testcases.BookingConfirmationPageTest" name="OrderNoTest" time="13.058"/>
  <testcase classname="com.adactinhotel.qa.testcases.BookingConfirmationPageTest" name="bookingConfirmationPageTitleTest" time="8.001"/>
  <testcase classname="com.adactinhotel.qa.testcases.BookingConfirmationPageTest" name="MyItinerary" time="15.264"/>
</testsuite> <!-- com.adactinhotel.qa.testcases.BookingConfirmationPageTest -->
