<?xml version="1.0" encoding="UTF-8"?>
<!-- Generated by org.testng.reporters.JUnitReportReporter -->
<testsuite hostname="DESKTOP-M3ANAKJ" failures="0" tests="4" name="com.adactinhotel.qa.testcases.BookAHotelPageTest" time="12.275" errors="0" timestamp="08 Mar 2024 03:28:28 GMT" skipped="0">
  <testcase classname="com.adactinhotel.qa.testcases.BookAHotelPageTest" name="ceritcardDetailsTest" time="3.031"/>
  <testcase classname="com.adactinhotel.qa.testcases.BookAHotelPageTest" name="userDetailsTest" time="3.046"/>
  <testcase classname="com.adactinhotel.qa.testcases.BookAHotelPageTest" name="userDetailsTest" time="3.507"/>
  <testcase classname="com.adactinhotel.qa.testcases.BookAHotelPageTest" name="bookAHotelPageTitleTest" time="2.691"/>
</testsuite> <!-- com.adactinhotel.qa.testcases.BookAHotelPageTest -->
