<?xml version="1.0" encoding="UTF-8"?>
<!-- Generated by org.testng.reporters.JUnitReportReporter -->
<testsuite hostname="DESKTOP-M3ANAKJ" failures="0" tests="2" name="com.adactinhotel.qa.testcases.SearchHotelTest" time="5.132" errors="0" timestamp="10 Mar 2024 23:56:52 GMT" skipped="0">
  <testcase classname="com.adactinhotel.qa.testcases.SearchHotelTest" name="userName" time="2.592"/>
  <testcase classname="com.adactinhotel.qa.testcases.SearchHotelTest" name="searchHotelPageTitleTest" time="2.540"/>
</testsuite> <!-- com.adactinhotel.qa.testcases.SearchHotelTest -->
