<?xml version="1.0" encoding="UTF-8"?>
<!-- Generated by org.testng.reporters.JUnitReportReporter -->
<testsuite hostname="DESKTOP-M3ANAKJ" failures="0" tests="3" name="com.adactinhotel.qa.testcases.LoginPageTest" time="11.133" errors="0" timestamp="11 Mar 2024 01:58:03 GMT" skipped="0">
  <testcase classname="com.adactinhotel.qa.testcases.LoginPageTest" name="loginPageTitleTest" time="4.276"/>
  <testcase classname="com.adactinhotel.qa.testcases.LoginPageTest" name="ImageTest" time="3.171"/>
  <testcase classname="com.adactinhotel.qa.testcases.LoginPageTest" name="loginTest" time="3.686"/>
</testsuite> <!-- com.adactinhotel.qa.testcases.LoginPageTest -->
