<?xml version="1.0" encoding="UTF-8"?>
<!-- Generated by org.testng.reporters.JUnitReportReporter -->
<testsuite hostname="DESKTOP-M3ANAKJ" failures="0" tests="1" name="com.adactinhotel.qa.testcases.BookAHotelPageTest" time="0.000" errors="0" timestamp="11 Mar 2024 10:54:15 GMT" skipped="1">
  <testcase classname="com.adactinhotel.qa.testcases.BookAHotelPageTest" name="userDetailsTest" time="0.000">
    <skipped/>
  </testcase> <!-- userDetailsTest -->
</testsuite> <!-- com.adactinhotel.qa.testcases.BookAHotelPageTest -->
