<?xml version="1.0" encoding="UTF-8"?>
<!-- Generated by org.testng.reporters.JUnitReportReporter -->
<testsuite hostname="DESKTOP-M3ANAKJ" failures="0" tests="3" name="com.adactinhotel.qa.testcases.SearchHotelTest" time="7.396" errors="0" timestamp="08 Mar 2024 03:27:40 GMT" skipped="0">
  <testcase classname="com.adactinhotel.qa.testcases.SearchHotelTest" name="searchHotelPageTitleTest" time="2.240"/>
  <testcase classname="com.adactinhotel.qa.testcases.SearchHotelTest" name="userName" time="2.129"/>
  <testcase classname="com.adactinhotel.qa.testcases.SearchHotelTest" name="selectvalues" time="3.027"/>
</testsuite> <!-- com.adactinhotel.qa.testcases.SearchHotelTest -->
