<?xml version="1.0" encoding="UTF-8"?>
<!-- Generated by org.testng.reporters.JUnitReportReporter -->
<testsuite hostname="DESKTOP-M3ANAKJ" failures="0" tests="4" name="com.adactinhotel.qa.testcases.BookAHotelPageTest" time="14.690" errors="0" timestamp="10 Mar 2024 23:56:52 GMT" skipped="0">
  <testcase classname="com.adactinhotel.qa.testcases.BookAHotelPageTest" name="ceritcardDetailsTest" time="3.380"/>
  <testcase classname="com.adactinhotel.qa.testcases.BookAHotelPageTest" name="userDetailsTest" time="3.504"/>
  <testcase classname="com.adactinhotel.qa.testcases.BookAHotelPageTest" name="userDetailsTest" time="3.428"/>
  <testcase classname="com.adactinhotel.qa.testcases.BookAHotelPageTest" name="bookAHotelPageTitleTest" time="4.378"/>
</testsuite> <!-- com.adactinhotel.qa.testcases.BookAHotelPageTest -->
