<?xml version="1.0" encoding="UTF-8"?>
<!-- Generated by org.testng.reporters.JUnitReportReporter -->
<testsuite hostname="DESKTOP-M3ANAKJ" failures="0" tests="3" name="com.adactinhotel.qa.testcases.LoginPageTest" time="8.599" errors="0" timestamp="04 Mar 2024 01:22:44 GMT" skipped="0">
  <testcase classname="com.adactinhotel.qa.testcases.LoginPageTest" name="loginPageTitleTest" time="2.358"/>
  <testcase classname="com.adactinhotel.qa.testcases.LoginPageTest" name="ImageTest" time="3.312"/>
  <testcase classname="com.adactinhotel.qa.testcases.LoginPageTest" name="loginTest" time="2.929"/>
</testsuite> <!-- com.adactinhotel.qa.testcases.LoginPageTest -->
