<?xml version="1.0" encoding="UTF-8"?>
<!-- Generated by org.testng.reporters.JUnitReportReporter -->
<testsuite hostname="DESKTOP-M3ANAKJ" failures="0" tests="1" name="com.adactinhotel.qa.testcases.SelectHotelPageTest" time="3.834" errors="0" timestamp="06 Mar 2024 04:16:01 GMT" skipped="0">
  <testcase classname="com.adactinhotel.qa.testcases.SelectHotelPageTest" name="selectHotelPageTitleTest" time="3.834"/>
</testsuite> <!-- com.adactinhotel.qa.testcases.SelectHotelPageTest -->
