<?xml version="1.0" encoding="UTF-8"?>
<!-- Generated by org.testng.reporters.JUnitReportReporter -->
<testsuite hostname="DESKTOP-M3ANAKJ" failures="0" tests="3" name="com.adactinhotel.qa.testcases.LoginPageTest" time="10.128" errors="0" timestamp="11 Mar 2024 05:12:59 GMT" skipped="0">
  <testcase classname="com.adactinhotel.qa.testcases.LoginPageTest" name="loginPageTitleTest" time="3.081"/>
  <testcase classname="com.adactinhotel.qa.testcases.LoginPageTest" name="ImageTest" time="3.360"/>
  <testcase classname="com.adactinhotel.qa.testcases.LoginPageTest" name="loginTest" time="3.687"/>
</testsuite> <!-- com.adactinhotel.qa.testcases.LoginPageTest -->
