<?xml version="1.0" encoding="UTF-8"?>
<!-- Generated by org.testng.reporters.JUnitReportReporter -->
<testsuite hostname="DESKTOP-M3ANAKJ" failures="0" tests="2" name="com.adactinhotel.qa.testcases.SelectHotelPageTest" time="5.785" errors="0" timestamp="08 Mar 2024 03:28:03 GMT" skipped="0">
  <testcase classname="com.adactinhotel.qa.testcases.SelectHotelPageTest" name="selectHotelPageTitleTest" time="2.487"/>
  <testcase classname="com.adactinhotel.qa.testcases.SelectHotelPageTest" name="selectHotelBtn" time="3.298"/>
</testsuite> <!-- com.adactinhotel.qa.testcases.SelectHotelPageTest -->
